============================================================
  Generated by:           Genus(TM) Synthesis Solution 20.11-s111_1
  Generated on:           Nov 07 2023  05:00:29 pm
  Module:                 risc_v
  Operating conditions:   slow 
  Interconnect mode:      global
  Area mode:              physical library
============================================================

              Instance                       Module          Cell Count  Cell Area  Net Area   Total Area 
----------------------------------------------------------------------------------------------------------
risc_v                                                            19277  71332.460     0.000    71332.460 
  mycore                             core                         18651  59897.901     0.000    59897.901 
    C                                controller                     128    655.996     0.000      655.996 
      MainDec                        maindec                         49    351.334     0.000      351.334 
        ctl_opcode_60_10             case_box                        24     76.490     0.000       76.490 
        mux_controls_60_10           mux                             10    207.430     0.000      207.430 
        ctl_funct3_67_24             case_box_1                       1      1.296     0.000        1.296 
        mux_controls_67_24           mux_1                            2     10.371     0.000       10.371 
        ctl_60_10                    case_box_4                       1      1.296     0.000        1.296 
        mux_60_10                    mux_2                           10     51.857     0.000       51.857 
      AluDec                         aludec                          18    120.568     0.000      120.568 
        ctl_funct3_90_27             case_box_10                      4      7.779     0.000        7.779 
        mux_alucontrol_90_27         mux_3                            3     31.114     0.000       31.114 
        ctl_funct3_97_21             case_box_11                      1      1.296     0.000        1.296 
        mux_alucontrol_97_21         mux_4                            1      5.186     0.000        5.186 
        ctl_funct7_89_22             case_box_14                      1      2.593     0.000        2.593 
        mux_alucontrol_89_22         mux_5                            4     31.114     0.000       31.114 
        mux_alucontrol_83_10         bmux                             4     41.486     0.000       41.486 
      mux_43_55                      bmux_20                          1      5.186     0.000        5.186 
      ctl_43_30                      case_box_20                     30     72.600     0.000       72.600 
      mux_43_30                      mux_21                           1     20.743     0.000       20.743 
    DP                               datapath                     18523  59241.905     0.000    59241.905 
      pcreg                          FFD_resettable_WIDTH32          33    291.698     0.000      291.698 
      pcaddStart                     adder                         1137   2570.831     0.000     2570.831 
        g1                           not_op                          32     41.486     0.000       41.486 
        OUT_154_17:sub_163_28        sub_unsigned                   459   1011.219     0.000     1011.219 
        OUT_154_17:add_162_26        add_unsigned                   188    383.745     0.000      383.745 
        OUT_154_17:add_165_29        add_unsigned_24                426    968.437     0.000      968.437 
        OUT_154_17:mux_OUT_159_14    bmux_22                         32    165.944     0.000      165.944 
      pcaddBranch                    adder                         1137   2570.831     0.000     2570.831 
        g1                           not_op                          32     41.486     0.000       41.486 
        OUT_154_17:sub_163_28        sub_unsigned                   459   1011.219     0.000     1011.219 
        OUT_154_17:add_162_26        add_unsigned                   188    383.745     0.000      383.745 
        OUT_154_17:add_165_29        add_unsigned_24                426    968.437     0.000      968.437 
        OUT_154_17:mux_OUT_159_14    bmux_22                         32    165.944     0.000      165.944 
      pcBranchMux                    mux_WIDTH32                     32    165.944     0.000      165.944 
        mux_224_21                   bmux_22                         32    165.944     0.000      165.944 
      pcJumpMux                      mux_WIDTH32                     32    165.944     0.000      165.944 
        mux_224_21                   bmux_22                         32    165.944     0.000      165.944 
      rf                             regfile                       1244  15209.778     0.000    15209.778 
        mux_regFile[readReg2]_147_54 bmux_33                         32   2655.099     0.000     2655.099 
        mux_147_46                   bmux_22                         32    165.944     0.000      165.944 
        mux_regFile[readReg1]_146_54 bmux_33                         32   2655.099     0.000     2655.099 
        mux_146_46                   bmux_22                         32    165.944     0.000      165.944 
        ctl_regDest_145_47           case_box_52                     53    172.426     0.000      172.426 
      muxToWrite                     mux_WIDTH32                     32    165.944     0.000      165.944 
        mux_224_21                   bmux_22                         32    165.944     0.000      165.944 
      immg                           immGenerator                    43    506.906     0.000      506.906 
        ctl_opcode_240_10            case_box_53                     12     24.632     0.000       24.632 
        mux_IMM_OUT_240_10           mux_37                          31    482.274     0.000      482.274 
      muxsrcB                        mux_WIDTH32                     32    165.944     0.000      165.944 
        mux_224_21                   bmux_22                         32    165.944     0.000      165.944 
      muxsrcA                        mux_WIDTH32                     32    165.944     0.000      165.944 
        mux_224_21                   bmux_22                         32    165.944     0.000      165.944 
      alu                            alu                          14769  37262.142     0.000    37262.142 
        g1                           and_op                          32     82.972     0.000       82.972 
        g2                           or_op                           32     82.972     0.000       82.972 
        div_185_25                   divide_unsigned               9947  24708.759     0.000    24708.759 
        mul_184_25                   mult_unsigned                 2869   7530.992     0.000     7530.992 
        sub_186_26                   sub_unsigned                   459   1011.219     0.000     1011.219 
        lt_187_27                    lt_unsigned                    221    482.274     0.000      482.274 
        eq_177_25                    equal_unsigned_422              13     58.340     0.000       58.340 
        mux_187_27                   bmux_20                          1      5.186     0.000        5.186 
        ctl_aluctrl_180_14           case_box_56                     25     59.636     0.000       59.636 
        mux_aluOut_180_14            mux_424                         32    663.775     0.000      663.775 
        mux_177_25                   bmux_20                          1      5.186     0.000        5.186 
        g5                           not_op_55                       32     41.486     0.000       41.486 
        OUT_183_23:sub_199_31        sub_unsigned                   459   1011.219     0.000     1011.219 
        OUT_183_23:add_198_29        add_unsigned                   188    383.745     0.000      383.745 
        OUT_183_23:add_201_32        add_unsigned_24                426    968.437     0.000      968.437 
        OUT_183_23:mux_OUT_195_17    bmux_22                         32    165.944     0.000      165.944 
  imem                               instructionMemory               32   5310.199     0.000     5310.199 
    mux_RAM[address]_267_22          bmux_426                        32   5310.199     0.000     5310.199 
  dmem                               dataMemory                     596   6124.360     0.000     6124.360 
    mux_RAM2[address]_257_22         bmux_427                        32   1327.550     0.000     1327.550 
    ctl_address_259_21               case_box_73                     36    108.901     0.000      108.901 
