============================================================
  Generated by:           Genus(TM) Synthesis Solution 20.11-s111_1
  Generated on:           Nov 15 2023  03:06:40 pm
  Module:                 core
  Operating conditions:   _nominal_ (balanced_tree)
  Wireload mode:          enclosed
  Area mode:              timing library
============================================================


Path 1: MET (0 ps) Setup Check with Pin DP_pcreg_q_reg[28]/CLK->D
          Group: clock
     Startpoint: (F) DP_rf_regFile_reg[20][21]/CLK
          Clock: (F) clock
       Endpoint: (R) DP_pcreg_q_reg[28]/D
          Clock: (R) clock

                     Capture       Launch     
        Clock Edge:+   20000        10000     
       Src Latency:+       0            0     
       Net Latency:+       0 (I)        0 (I) 
           Arrival:=   20000        10000     
                                              
             Setup:-      43                  
       Uncertainty:-     200                  
     Required Time:=   19757                  
      Launch Clock:-   10000                  
         Data Path:-    9757                  
             Slack:=       0                  

#---------------------------------------------------------------------------------------------------------
#         Timing Point          Flags    Arc    Edge   Cell     Fanout  Load Trans Delay Arrival Instance 
#                                                                       (fF)  (ps)  (ps)   (ps)  Location 
#---------------------------------------------------------------------------------------------------------
  DP_rf_regFile_reg[20][21]/CLK -       -       F     (arrival)   1024     -   100     0   10000    (-,-) 
  DP_rf_regFile_reg[20][21]/Q   -       CLK->Q  F     SDFFNX1        3   5.2    41   230   10230    (-,-) 
  g128320/Q                     -       IN1->Q  F     AO22X1         1   2.1    44    76   10306    (-,-) 
  g60818__4319/QN               -       IN1->QN R     NOR2X0         1   2.8    56    32   10338    (-,-) 
  g60576__8428/QN               -       IN1->QN F     NAND2X1        1   2.1    38    27   10364    (-,-) 
  g60431__4733/QN               -       IN1->QN R     NOR2X0         1   2.4    52    29   10393    (-,-) 
  g129118/QN                    -       IN1->QN F     NAND3X0        1   5.1    61    39   10432    (-,-) 
  g60369__7098/QN               -       IN1->QN R     NOR2X2         2   7.8    56    30   10462    (-,-) 
  g60271__4319/QN               -       IN1->QN F     NOR2X2         1  10.0    87    35   10497    (-,-) 
  g60270__6260/QN               -       IN1->QN R     NOR2X4        14  58.5   118    66   10563    (-,-) 
  g60251/ZN                     -       INP->ZN F     INVX8         38 112.9    68    48   10611    (-,-) 
  DP_alu_div_15_25_g126451/QN   -       IN2->QN R     NOR2X4         4   9.9    58    29   10640    (-,-) 
  DP_alu_div_15_25_g126225/QN   -       IN1->QN F     NAND2X1        2   5.0    49    34   10674    (-,-) 
  DP_alu_div_15_25_g125979/QN   -       IN2->QN R     NOR4X0         3   9.5   182    91   10765    (-,-) 
  DP_alu_div_15_25_g125906/QN   -       IN1->QN F     NAND2X2        2   7.0    66    36   10801    (-,-) 
  DP_alu_div_15_25_g125892/QN   -       IN1->QN R     NOR2X2         2   5.1    49    26   10827    (-,-) 
  DP_alu_div_15_25_g125780/QN   -       IN1->QN F     NAND4X0        1   5.5    83    44   10871    (-,-) 
  DP_alu_div_15_25_g125759/QN   -       IN1->QN R     NAND2X2        5  19.1    84    44   10915    (-,-) 
  DP_alu_div_15_25_g125751/QN   -       IN1->QN F     NAND2X2        2  11.0    52    35   10950    (-,-) 
  DP_alu_div_15_25_g125734/QN   -       IN1->QN R     NAND2X2        1   5.4    46    22   10972    (-,-) 
  DP_alu_div_15_25_g125710/QN   -       IN1->QN F     NAND2X2        1   6.9    36    24   10996    (-,-) 
  DP_alu_div_15_25_g125707/ZN   -       INP->ZN R     INVX2          1  11.8    35    22   11018    (-,-) 
  DP_alu_div_15_25_g125690/QN   -       IN2->QN F     NOR2X4         7  18.3    47    37   11055    (-,-) 
  DP_alu_div_15_25_g125643/Q    -       IN4->Q  F     OA22X1         1   1.3    29    62   11117    (-,-) 
  g129051/Q                     -       IN3->Q  F     AND3X2         4  24.7    73   114   11231    (-,-) 
  DP_alu_div_15_25_g125604/ZN   -       INP->ZN R     INVX4          6  20.9    41    24   11256    (-,-) 
  DP_alu_div_15_25_g125595/QN   -       IN1->QN F     NAND2X1        1   5.3    62    32   11288    (-,-) 
  DP_alu_div_15_25_g125535/QN   -       IN2->QN R     NAND2X2        2   8.7    48    33   11320    (-,-) 
  DP_alu_div_15_25_g125523/QN   -       IN1->QN F     NOR2X2         1   5.1    49    27   11347    (-,-) 
  DP_alu_div_15_25_g125521/QN   -       IN1->QN R     NOR2X2         1  11.9    65    35   11382    (-,-) 
  DP_alu_div_15_25_g125509/QN   -       IN1->QN F     NOR2X4         1  10.0    55    29   11411    (-,-) 
  DP_alu_div_15_25_g125505/QN   -       IN1->QN R     NOR2X4         3  14.9    52    29   11439    (-,-) 
  DP_alu_div_15_25_g125494/QN   -       IN2->QN F     NAND2X2        3  11.4    55    31   11471    (-,-) 
  DP_alu_div_15_25_g125456/QN   -       IN1->QN R     NAND3X0        1  10.5   108    55   11525    (-,-) 
  DP_alu_div_15_25_g125453/QN   -       IN1->QN F     NAND2X4        4  28.1    65    44   11569    (-,-) 
  DP_alu_div_15_25_g125397/CO   -       CI->CO  F     FADDX1         2   8.4    54   102   11671    (-,-) 
  DP_alu_div_15_25_g125393/QN   -       IN1->QN R     NAND2X2        1   5.4    47    22   11693    (-,-) 
  DP_alu_div_15_25_g125386/QN   -       IN1->QN F     NAND2X2        2   9.3    40    27   11720    (-,-) 
  DP_alu_div_15_25_g125384/QN   -       IN1->QN R     NAND2X2        1   5.4    51    20   11740    (-,-) 
  DP_alu_div_15_25_g125380/QN   -       IN1->QN F     NAND2X2        2   8.4    39    27   11767    (-,-) 
  DP_alu_div_15_25_g125365/QN   -       IN1->QN R     NAND2X2        1   5.4    38    20   11787    (-,-) 
  DP_alu_div_15_25_g125363/QN   -       IN1->QN F     NAND2X2        2   8.4    36    25   11812    (-,-) 
  DP_alu_div_15_25_g125354/QN   -       IN1->QN R     NAND2X2        1  10.5    46    26   11838    (-,-) 
  DP_alu_div_15_25_g125344/QN   -       IN1->QN F     NAND2X4        3  15.1    36    26   11864    (-,-) 
  DP_alu_div_15_25_g125343/QN   -       IN1->QN R     NAND2X4        4  20.0    59    26   11889    (-,-) 
  DP_alu_div_15_25_g125341/ZN   -       INP->ZN F     INVX2          4  17.0    41    31   11920    (-,-) 
  DP_alu_div_15_25_g125310/QN   -       IN1->QN R     NAND3X0        1  10.5    98    51   11972    (-,-) 
  DP_alu_div_15_25_g125301/QN   -       IN1->QN F     NAND2X4        4  28.1    62    43   12014    (-,-) 
  DP_alu_div_15_25_g125188/CO   -       CI->CO  F     FADDX1         2   9.3    57   103   12117    (-,-) 
  DP_alu_div_15_25_g125182/QN   -       IN1->QN R     NAND2X2        1   5.4    43    22   12139    (-,-) 
  DP_alu_div_15_25_g125174/QN   -       IN1->QN F     NAND2X2        2   4.4    30    21   12160    (-,-) 
  DP_alu_div_15_25_g125151/QN   -       IN1->QN R     NAND3X0        1   2.4    64    27   12187    (-,-) 
  g128859/QN                    -       IN1->QN F     NAND3X0        2   8.7    82    52   12239    (-,-) 
  DP_alu_div_15_25_g125126/QN   -       IN1->QN R     NAND2X2        1   5.4    41    25   12264    (-,-) 
  DP_alu_div_15_25_g125116/QN   -       IN1->QN F     NAND2X2        1  10.5    40    28   12292    (-,-) 
  DP_alu_div_15_25_g125101/QN   -       IN1->QN R     NAND2X4       10  34.4    68    34   12326    (-,-) 
  DP_alu_div_15_25_g125085/QN   -       IN1->QN F     NAND2X2        1   2.8    32    21   12347    (-,-) 
  DP_alu_div_15_25_g125071/QN   -       IN1->QN R     NAND2X1        1   7.3    57    32   12379    (-,-) 
  DP_alu_div_15_25_g125061/ZN   -       INP->ZN F     INVX2          1   5.5    27    20   12399    (-,-) 
  DP_alu_div_15_25_g125041/QN   -       IN1->QN R     NAND2X2        1  11.8    50    25   12424    (-,-) 
  DP_alu_div_15_25_g125013/QN   -       IN2->QN F     NOR2X4         7  25.6    58    45   12469    (-,-) 
  DP_alu_div_15_25_g125005/QN   -       IN1->QN R     NOR2X2         3   7.4    56    29   12498    (-,-) 
  DP_alu_div_15_25_g124905/QN   -       IN1->QN F     NAND2X1        1   2.8    40    29   12527    (-,-) 
  DP_alu_div_15_25_g124895/QN   -       IN1->QN R     NAND2X1        2   4.7    50    28   12555    (-,-) 
  DP_alu_div_15_25_g124880/QN   -       IN1->QN F     NAND2X1        1   2.8    41    28   12583    (-,-) 
  DP_alu_div_15_25_g124872/QN   -       IN1->QN R     NAND2X1        1   5.4    58    30   12613    (-,-) 
  DP_alu_div_15_25_g124864/QN   -       IN1->QN F     NAND2X2        1   5.5    35    24   12637    (-,-) 
  DP_alu_div_15_25_g124850/QN   -       IN1->QN R     NAND2X2        1   7.3    45    22   12659    (-,-) 
  DP_alu_div_15_25_g124849/ZN   -       INP->ZN F     INVX2          1   5.3    24    18   12677    (-,-) 
  DP_alu_div_15_25_g124815/QN   -       IN2->QN R     NAND2X2        3  10.0    50    26   12703    (-,-) 
  DP_alu_div_15_25_g124793/QN   -       IN1->QN F     NAND2X2        1   5.5    35    23   12726    (-,-) 
  DP_alu_div_15_25_g124790/QN   -       IN1->QN R     NAND2X2        1  10.5    48    25   12751    (-,-) 
  DP_alu_div_15_25_g124774/QN   -       IN1->QN F     NAND2X4        4  28.5    52    35   12786    (-,-) 
  DP_alu_div_15_25_g124743/QN   -       IN2->QN R     NAND2X4        9  26.5    54    36   12822    (-,-) 
  DP_alu_div_15_25_g124721/QN   -       IN1->QN F     NOR2X1         1   6.0    59    40   12862    (-,-) 
  DP_alu_div_15_25_g124682/QN   -       IN2->QN R     NOR2X2         1  10.5    59    38   12900    (-,-) 
  DP_alu_div_15_25_g124647/QN   -       IN1->QN F     NAND2X4        3  17.9    42    30   12929    (-,-) 
  DP_alu_div_15_25_g124572/QN   -       IN1->QN R     NAND2X2        2  10.2    46    26   12956    (-,-) 
  DP_alu_div_15_25_g124542/ZN   -       INP->ZN F     INVX2          2   7.6    27    20   12976    (-,-) 
  DP_alu_div_15_25_g124501/QN   -       IN1->QN R     NAND2X2        1   5.4    40    18   12994    (-,-) 
  DP_alu_div_15_25_g124484/QN   -       IN1->QN F     NAND2X2        2   7.5    34    24   13018    (-,-) 
  DP_alu_div_15_25_g124474/QN   -       IN1->QN R     NAND2X2        1   5.4    38    20   13038    (-,-) 
  DP_alu_div_15_25_g124465/QN   -       IN1->QN F     NAND2X2        1   5.5    34    21   13059    (-,-) 
  DP_alu_div_15_25_g124450/QN   -       IN1->QN R     NAND2X2        1   5.4    38    20   13079    (-,-) 
  DP_alu_div_15_25_g124444/QN   -       IN1->QN F     NAND2X2        1   6.9    34    23   13102    (-,-) 
  DP_alu_div_15_25_g124443/ZN   -       INP->ZN R     INVX2          1   5.6    26    16   13118    (-,-) 
  DP_alu_div_15_25_g124403/QN   -       IN2->QN F     NAND2X2        3  11.0    54    28   13146    (-,-) 
  DP_alu_div_15_25_g124388/QN   -       IN1->QN R     NAND2X2        2   4.7    34    21   13167    (-,-) 
  DP_alu_div_15_25_g124387/ZN   -       INP->ZN F     INVX0          1   2.3    27    22   13189    (-,-) 
  DP_alu_div_15_25_g124363/QN   -       IN1->QN R     NAND4X0        1   5.4    93    40   13229    (-,-) 
  DP_alu_div_15_25_g124354/QN   -       IN1->QN F     NAND2X2        2   8.0    48    31   13260    (-,-) 
  DP_alu_div_15_25_g124348/QN   -       IN1->QN R     NAND2X2        1  10.5    48    28   13288    (-,-) 
  DP_alu_div_15_25_g124343/QN   -       IN1->QN F     NAND2X4        3  15.1    40    26   13314    (-,-) 
  DP_alu_div_15_25_g124340/QN   -       IN1->QN R     NAND2X4        2  17.9    51    25   13339    (-,-) 
  DP_alu_div_15_25_g124339/ZN   -       INP->ZN F     INVX4          1  10.5    24    17   13356    (-,-) 
  DP_alu_div_15_25_g124313/QN   -       IN1->QN R     NAND2X4        2  12.7    42    19   13376    (-,-) 
  DP_alu_div_15_25_g124272/QN   -       IN1->QN F     NAND2X2        2   5.6    31    22   13398    (-,-) 
  DP_alu_div_15_25_g124230/Q    -       S->Q    R     MUX21X1        3  12.6    65    87   13485    (-,-) 
  DP_alu_div_15_25_g124194/ZN   -       INP->ZN F     INVX1          1   5.5    36    26   13511    (-,-) 
  DP_alu_div_15_25_g124103/QN   -       IN1->QN R     NAND2X2        1   5.6    38    20   13531    (-,-) 
  DP_alu_div_15_25_g124025/QN   -       IN2->QN F     NAND2X2        2   8.4    34    26   13557    (-,-) 
  DP_alu_div_15_25_g123972/QN   -       IN1->QN R     NAND2X2        1   5.4    35    20   13577    (-,-) 
  DP_alu_div_15_25_g123968/QN   -       IN1->QN F     NAND2X2        2   8.4    36    24   13601    (-,-) 
  DP_alu_div_15_25_g123950/QN   -       IN1->QN R     NAND2X2        1   5.4    46    20   13621    (-,-) 
  DP_alu_div_15_25_g123946/QN   -       IN1->QN F     NAND2X2        2   8.4    38    26   13647    (-,-) 
  DP_alu_div_15_25_g123928/QN   -       IN1->QN R     NAND2X2        1   5.4    40    20   13667    (-,-) 
  DP_alu_div_15_25_g123926/QN   -       IN1->QN F     NAND2X2        2   8.4    36    25   13692    (-,-) 
  DP_alu_div_15_25_g123905/QN   -       IN1->QN R     NAND2X2        1   5.4    35    20   13712    (-,-) 
  DP_alu_div_15_25_g123903/QN   -       IN1->QN F     NAND2X2        2  12.7    44    30   13741    (-,-) 
  g128109/CO                    -       A->CO   F     FADDX1         3  11.8    62   108   13850    (-,-) 
  DP_alu_div_15_25_g123856/QN   -       IN1->QN R     NAND2X2        2   6.4    40    24   13874    (-,-) 
  DP_alu_div_15_25_g123855/ZN   -       INP->ZN F     INVX1          1   2.3    22    17   13891    (-,-) 
  DP_alu_div_15_25_g123819/QN   -       IN1->QN R     NAND4X0        1   5.4    92    39   13930    (-,-) 
  DP_alu_div_15_25_g123806/QN   -       IN1->QN F     NAND2X2        2   4.2    40    25   13955    (-,-) 
  DP_alu_div_15_25_g123796/QN   -       IN1->QN R     NAND4X0        1   5.4    93    44   13999    (-,-) 
  DP_alu_div_15_25_g123793/QN   -       IN1->QN F     NAND2X2        1   5.5    43    27   14026    (-,-) 
  DP_alu_div_15_25_g123791/QN   -       IN1->QN R     NAND2X2        5  19.0    62    36   14062    (-,-) 
  DP_alu_div_15_25_g123790/ZN   -       INP->ZN F     INVX1          2   9.4    44    33   14095    (-,-) 
  DP_alu_div_15_25_g123775/ZN   -       INP->ZN R     INVX2          7  22.5    51    32   14127    (-,-) 
  DP_alu_div_15_25_g123760/QN   -       IN1->QN F     NAND2X1        1   5.5    53    34   14161    (-,-) 
  DP_alu_div_15_25_g123752/QN   -       IN1->QN R     NAND2X2        1   5.9    41    22   14184    (-,-) 
  DP_alu_div_15_25_g123717/QN   -       IN1->QN F     NOR2X2         1   5.3    52    26   14209    (-,-) 
  DP_alu_div_15_25_g123696/QN   -       IN2->QN R     NAND2X2        4  12.9    54    36   14245    (-,-) 
  DP_alu_div_15_25_g123597/QN   -       IN1->QN F     NAND2X1        3   7.5    60    40   14285    (-,-) 
  DP_alu_div_15_25_g123539/ZN   -       INP->ZN R     INVX0          1   2.8    43    27   14312    (-,-) 
  DP_alu_div_15_25_g123395/QN   -       IN1->QN F     NAND2X1        1   5.5    54    33   14344    (-,-) 
  DP_alu_div_15_25_g123353/QN   -       IN1->QN R     NAND2X2        2   7.3    47    24   14369    (-,-) 
  DP_alu_div_15_25_g123334/QN   -       IN1->QN F     NAND2X2        1   2.8    32    19   14388    (-,-) 
  DP_alu_div_15_25_g123323/QN   -       IN1->QN R     NAND2X1        1   2.8    50    23   14411    (-,-) 
  DP_alu_div_15_25_g123306/QN   -       IN1->QN F     NAND2X1        1   1.7    40    25   14436    (-,-) 
  g128196/Q                     -       IN1->Q  F     AND2X1         1   5.3    36    58   14494    (-,-) 
  DP_alu_div_15_25_g123267/QN   -       IN2->QN R     NAND2X2        1   7.3    39    26   14521    (-,-) 
  DP_alu_div_15_25_g123261/ZN   -       INP->ZN F     INVX2          1   5.3    22    17   14538    (-,-) 
  DP_alu_div_15_25_g123183/QN   -       IN2->QN R     NAND2X2        1   5.4    42    22   14560    (-,-) 
  DP_alu_div_15_25_g123166/QN   -       IN1->QN F     NAND2X2        1  10.5    41    28   14588    (-,-) 
  DP_alu_div_15_25_g123141/QN   -       IN1->QN R     NAND2X4        4  13.9    46    23   14611    (-,-) 
  DP_alu_div_15_25_g123140/ZN   -       INP->ZN F     INVX2          3  14.0    34    26   14637    (-,-) 
  DP_alu_div_15_25_g123091/QN   -       IN2->QN R     NAND2X4        5  18.6    42    28   14665    (-,-) 
  DP_alu_div_15_25_g123074/ZN   -       INP->ZN F     INVX0          1   2.8    32    25   14690    (-,-) 
  DP_alu_div_15_25_g123030/QN   -       IN1->QN R     NAND2X1        1   5.6    48    29   14718    (-,-) 
  DP_alu_div_15_25_g123019/QN   -       IN2->QN F     NAND2X2        1  10.0    41    29   14748    (-,-) 
  DP_alu_div_15_25_g122971/QN   -       IN1->QN R     NOR2X4         4  18.0    54    29   14776    (-,-) 
  DP_alu_div_15_25_g122962/ZN   -       INP->ZN F     INVX1          2   8.9    40    31   14807    (-,-) 
  DP_alu_div_15_25_g122918/QN   -       IN1->QN R     NAND2X2        1   5.6    62    20   14828    (-,-) 
  DP_alu_div_15_25_g122627/QN   -       IN2->QN F     NAND2X2        2   8.4    37    28   14856    (-,-) 
  DP_alu_div_15_25_g122596/QN   -       IN1->QN R     NAND2X2        1   5.4    39    20   14876    (-,-) 
  DP_alu_div_15_25_g122590/QN   -       IN1->QN F     NAND2X2        2   8.4    36    25   14901    (-,-) 
  DP_alu_div_15_25_g122582/QN   -       IN1->QN R     NAND2X2        1   5.4    41    20   14921    (-,-) 
  DP_alu_div_15_25_g122577/QN   -       IN1->QN F     NAND2X2        2   8.4    37    25   14946    (-,-) 
  DP_alu_div_15_25_g122570/QN   -       IN1->QN R     NAND2X2        1   5.4    42    20   14966    (-,-) 
  DP_alu_div_15_25_g122563/QN   -       IN1->QN F     NAND2X2        2   9.3    39    26   14992    (-,-) 
  DP_alu_div_15_25_g122553/QN   -       IN1->QN R     NAND2X2        1   5.4    47    20   15012    (-,-) 
  DP_alu_div_15_25_g122547/QN   -       IN1->QN F     NAND2X2        2   4.2    30    21   15033    (-,-) 
  DP_alu_div_15_25_g122511/QN   -       IN1->QN R     NAND4X0        1   2.8    80    33   15066    (-,-) 
  DP_alu_div_15_25_g122493/QN   -       IN1->QN F     NAND2X1        2   4.2    51    35   15102    (-,-) 
  DP_alu_div_15_25_g122444/QN   -       IN1->QN R     NAND4X0        1   5.4    90    46   15148    (-,-) 
  DP_alu_div_15_25_g122436/QN   -       IN1->QN F     NAND2X2        2   4.2    39    25   15173    (-,-) 
  DP_alu_div_15_25_g122400/QN   -       IN1->QN R     NAND4X0        1   5.4    93    43   15216    (-,-) 
  DP_alu_div_15_25_g122397/QN   -       IN1->QN F     NAND2X2        1  10.5    53    35   15252    (-,-) 
  DP_alu_div_15_25_g122376/QN   -       IN1->QN R     NAND2X4       11  53.7    94    47   15298    (-,-) 
  DP_alu_div_15_25_g122333/QN   -       IN1->QN F     NOR2X2         7  19.6    72    56   15354    (-,-) 
  DP_alu_div_15_25_g122287/QN   -       IN1->QN R     NAND2X1        1  11.1    77    48   15403    (-,-) 
  DP_alu_div_15_25_g122137/QN   -       IN2->QN F     NAND2X4       10  37.2    61    42   15445    (-,-) 
  DP_alu_div_15_25_g122106/ZN   -       INP->ZN R     INVX4          3  13.6    32    19   15464    (-,-) 
  DP_alu_div_15_25_g122078/QN   -       IN1->QN F     NAND2X2        3  10.9    54    27   15491    (-,-) 
  DP_alu_div_15_25_g121722/QN   -       IN2->QN R     NAND2X2        1   5.4    40    28   15519    (-,-) 
  DP_alu_div_15_25_g121711/QN   -       IN1->QN F     NAND2X2        1   5.5    42    22   15540    (-,-) 
  DP_alu_div_15_25_g121688/QN   -       IN1->QN R     NAND2X2        1   5.4    40    20   15561    (-,-) 
  DP_alu_div_15_25_g121678/QN   -       IN1->QN F     NAND2X2        1   6.9    37    23   15584    (-,-) 
  DP_alu_div_15_25_g121673/ZN   -       INP->ZN R     INVX2          1   5.6    26    17   15601    (-,-) 
  DP_alu_div_15_25_g121614/QN   -       IN2->QN F     NAND2X2        2   7.4    46    24   15625    (-,-) 
  DP_alu_div_15_25_g121585/QN   -       IN1->QN R     NAND2X2        2   4.7    46    20   15645    (-,-) 
  DP_alu_div_15_25_g121583/ZN   -       INP->ZN F     INVX0          1   2.3    30    24   15669    (-,-) 
  DP_alu_div_15_25_g121537/QN   -       IN1->QN R     NAND4X0        1   5.4    91    41   15710    (-,-) 
  DP_alu_div_15_25_g121536/QN   -       IN1->QN F     NAND2X2        3  10.9    54    36   15745    (-,-) 
  DP_alu_div_15_25_g121512/QN   -       IN1->QN R     NAND2X2        2   8.7    51    26   15772    (-,-) 
  DP_alu_div_15_25_g121494/QN   -       IN1->QN F     NOR2X2         2   7.4    52    30   15802    (-,-) 
  DP_alu_div_15_25_g121479/QN   -       IN1->QN R     NAND2X2        2  17.8    74    37   15839    (-,-) 
  DP_alu_div_15_25_g121442/QN   -       IN1->QN F     NAND2X4        9  35.1    63    44   15882    (-,-) 
  DP_alu_div_15_25_g121431/ZN   -       INP->ZN R     INVX2          1   7.3    35    21   15904    (-,-) 
  DP_alu_div_15_25_g121426/ZN   -       INP->ZN F     INVX2         11  23.6    42    31   15935    (-,-) 
  DP_alu_div_15_25_g121392/QN   -       IN1->QN R     NOR2X1         1   5.9    65    35   15970    (-,-) 
  DP_alu_div_15_25_g121360/QN   -       IN1->QN F     NOR2X2         3   9.9    56    37   16007    (-,-) 
  DP_alu_div_15_25_g121274/QN   -       IN2->QN R     NAND2X2        2   7.8    45    31   16038    (-,-) 
  DP_alu_div_15_25_g121271/ZN   -       INP->ZN F     INVX0          1   2.8    33    25   16063    (-,-) 
  DP_alu_div_15_25_g121246/QN   -       IN1->QN R     NAND2X1        3   8.4    68    34   16098    (-,-) 
  DP_alu_div_15_25_g121024/QN   -       IN1->QN F     NAND2X1        2   8.1    63    44   16141    (-,-) 
  DP_alu_div_15_25_g120716/QN   -       IN2->QN R     NAND2X2        1   5.4    42    29   16170    (-,-) 
  DP_alu_div_15_25_g120709/QN   -       IN1->QN F     NAND2X2        1   5.5    38    22   16192    (-,-) 
  DP_alu_div_15_25_g120674/QN   -       IN1->QN R     NAND2X2        1   7.3    47    22   16214    (-,-) 
  DP_alu_div_15_25_g120666/ZN   -       INP->ZN F     INVX2          1   2.8    21    16   16230    (-,-) 
  DP_alu_div_15_25_g120643/QN   -       IN2->QN R     NAND2X1        1   7.3    54    32   16262    (-,-) 
  DP_alu_div_15_25_g120642/ZN   -       INP->ZN F     INVX2          1   5.3    26    19   16282    (-,-) 
  DP_alu_div_15_25_g120493/QN   -       IN2->QN R     NAND2X2        2   4.1    38    21   16303    (-,-) 
  DP_alu_div_15_25_g120482/ZN   -       INP->ZN F     INVX0          1   1.9    27    21   16324    (-,-) 
  DP_alu_div_15_25_g120480/ZN   -       INP->ZN R     INVX0          4   8.1    63    36   16360    (-,-) 
  g128980/Q                     -       IN1->Q  R     AND2X1         1   1.8    29    59   16418    (-,-) 
  g128979/Q                     -       IN1->Q  R     AO21X1         3   8.1    53    84   16502    (-,-) 
  DP_alu_div_15_25_g120365/QN   -       IN1->QN F     NAND2X1        1   2.8    39    28   16530    (-,-) 
  DP_alu_div_15_25_g120360/QN   -       IN1->QN R     NAND2X1        1   3.9    50    27   16557    (-,-) 
  DP_alu_div_15_25_g120254/Q    -       IN1->Q  F     XOR2X1         1   2.8    35    69   16626    (-,-) 
  DP_alu_div_15_25_g120167/QN   -       IN2->QN R     NAND2X1        2   5.0    52    31   16657    (-,-) 
  DP_alu_div_15_25_g120151/QN   -       IN1->QN F     NAND2X1        1   2.8    39    28   16685    (-,-) 
  DP_alu_div_15_25_g120031/QN   -       IN1->QN R     NOR2X1         6  18.1   128    66   16750    (-,-) 
  DP_alu_div_15_25_g119659/QN   -       IN1->QN F     NAND2X1        2   4.4    64    41   16792    (-,-) 
  g128718/Q                     -       IN3->Q  F     AND4X1         3   9.5    65   109   16901    (-,-) 
  DP_alu_div_15_25_g119429/QN   -       IN2->QN R     NAND2X2        1   2.4    37    26   16927    (-,-) 
  g128706/QN                    -       IN1->QN F     NAND3X0        2   4.7    56    34   16961    (-,-) 
  DP_alu_div_15_25_g119395/QN   -       IN1->QN R     NAND2X1        1   1.7    38    24   16985    (-,-) 
  DP_alu_div_15_25_g127910/Q    -       IN1->Q  R     AND2X1         1  11.1    55    69   17054    (-,-) 
  DP_alu_div_15_25_g127869/QN   -       IN2->QN F     NAND2X4        3  31.0    54    36   17090    (-,-) 
  DP_alu_div_15_25_g128145/QN   -       IN1->QN R     NAND2X4       17  62.5    90    51   17142    (-,-) 
  DP_alu_div_15_25_g118987/QN   -       IN1->QN F     NOR2X2         1   6.0    47    34   17175    (-,-) 
  DP_alu_div_15_25_g118966/QN   -       IN2->QN R     NOR2X2         1  10.5    59    37   17212    (-,-) 
  DP_alu_div_15_25_g118862/QN   -       IN1->QN F     NAND2X4        8  28.0    52    37   17249    (-,-) 
  DP_alu_div_15_25_g118777/QN   -       IN1->QN R     NAND2X2        2   4.2    38    20   17269    (-,-) 
  DP_alu_div_15_25_g118498/QN   -       IN2->QN F     NOR2X0         1   2.8    47    37   17306    (-,-) 
  DP_alu_div_15_25_g118394/QN   -       IN1->QN R     NOR2X1         2   5.1    61    34   17340    (-,-) 
  DP_alu_div_15_25_g118342/QN   -       IN1->QN F     NOR2X1         1   5.1    53    39   17379    (-,-) 
  DP_alu_div_15_25_g118327/QN   -       IN1->QN R     NOR2X2         1   5.6    48    25   17404    (-,-) 
  DP_alu_div_15_25_g118134/QN   -       IN2->QN F     NAND2X2        2   7.4    47    26   17430    (-,-) 
  DP_alu_div_15_25_g118099/QN   -       IN1->QN R     NAND2X2        2   4.7    43    20   17450    (-,-) 
  DP_alu_div_15_25_g118092/ZN   -       INP->ZN F     INVX0          1   2.3    30    23   17473    (-,-) 
  DP_alu_div_15_25_g118010/QN   -       IN1->QN R     NAND4X0        1   2.8    71    33   17506    (-,-) 
  DP_alu_div_15_25_g118006/QN   -       IN1->QN F     NAND2X1        2   4.4    50    35   17541    (-,-) 
  DP_alu_div_15_25_g117922/QN   -       IN1->QN R     NAND3X0        2   5.1    78    39   17580    (-,-) 
  DP_alu_div_15_25_g117825/Q    -       IN1->Q  R     OR4X1          1  10.5    63    88   17667    (-,-) 
  DP_alu_div_15_25_g128146/QN   -       IN1->QN F     NAND2X4        9  38.8    64    44   17711    (-,-) 
  DP_alu_div_15_25_g117802/ZN   -       INP->ZN R     INVX2          3  12.9    44    27   17739    (-,-) 
  DP_alu_div_15_25_g117800/ZN   -       INP->ZN F     INVX2          8  20.5    41    31   17770    (-,-) 
  DP_alu_div_15_25_g117791/ZN   -       INP->ZN R     INVX2         11  29.6    60    36   17806    (-,-) 
  DP_alu_div_15_25_g117738/QN   -       IN1->QN F     NAND2X1        1   2.8    42    29   17835    (-,-) 
  DP_alu_div_15_25_g117714/QN   -       IN1->QN R     NAND2X1        1   6.0    51    32   17867    (-,-) 
  DP_alu_div_15_25_g117551/QN   -       IN2->QN F     NOR2X2         4  18.0    70    53   17920    (-,-) 
  DP_alu_div_15_25_g117485/ZN   -       INP->ZN R     INVX2          5  15.2    49    30   17950    (-,-) 
  DP_alu_div_15_25_g117287/QN   -       IN1->QN F     NAND2X1        1   5.3    57    34   17984    (-,-) 
  DP_alu_div_15_25_g117010/QN   -       IN2->QN R     NAND2X2        2   7.3    44    30   18014    (-,-) 
  DP_alu_div_15_25_g116931/QN   -       IN1->QN F     NAND2X2        1   5.5    35    22   18036    (-,-) 
  DP_alu_div_15_25_g116896/QN   -       IN1->QN R     NAND2X2        1   5.4    42    20   18056    (-,-) 
  DP_alu_div_15_25_g116872/QN   -       IN1->QN F     NAND2X2        1   5.5    31    22   18078    (-,-) 
  DP_alu_div_15_25_g116837/QN   -       IN1->QN R     NAND2X2        2   7.3    44    21   18099    (-,-) 
  DP_alu_div_15_25_g116816/QN   -       IN1->QN F     NAND2X2        1   5.5    41    22   18121    (-,-) 
  DP_alu_div_15_25_g116794/QN   -       IN1->QN R     NAND2X2        1   5.4    34    20   18141    (-,-) 
  DP_alu_div_15_25_g116786/QN   -       IN1->QN F     NAND2X2        1   5.5    35    21   18162    (-,-) 
  DP_alu_div_15_25_g116775/QN   -       IN1->QN R     NAND2X2        1   7.3    52    22   18184    (-,-) 
  DP_alu_div_15_25_g116774/ZN   -       INP->ZN F     INVX2          1   5.3    25    19   18202    (-,-) 
  DP_alu_div_15_25_g116638/QN   -       IN2->QN R     NAND2X2        2   7.3    36    24   18227    (-,-) 
  DP_alu_div_15_25_g116608/QN   -       IN1->QN F     NAND2X2        1   5.5    47    21   18248    (-,-) 
  DP_alu_div_15_25_g116582/QN   -       IN1->QN R     NAND2X2        1  10.5    46    27   18275    (-,-) 
  DP_alu_div_15_25_g116556/QN   -       IN1->QN F     NAND2X4        3  24.2    52    32   18307    (-,-) 
  DP_alu_div_15_25_g116549/ZN   -       INP->ZN R     INVX4          2  13.9    31    18   18326    (-,-) 
  DP_alu_div_15_25_g127871/QN   -       IN2->QN F     NAND2X4        9  51.7    79    45   18370    (-,-) 
  DP_alu_div_15_25_g116394/QN   -       IN1->QN R     NAND2X1        2   4.7    58    34   18405    (-,-) 
  DP_alu_div_15_25_g116235/QN   -       IN1->QN F     NAND2X1        3  10.3    99    47   18451    (-,-) 
  DP_alu_div_15_25_g116198/QN   -       IN2->QN R     NAND2X2        3   6.2    53    34   18486    (-,-) 
  DP_alu_div_15_25_g116181/ZN   -       INP->ZN F     INVX0          1   2.8    35    26   18512    (-,-) 
  DP_alu_div_15_25_g116119/QN   -       IN1->QN R     NAND2X1        1   2.8    57    24   18536    (-,-) 
  DP_alu_div_15_25_g116094/QN   -       IN1->QN F     NAND2X1        1   2.8    40    29   18564    (-,-) 
  DP_alu_div_15_25_g115888/QN   -       IN1->QN R     NAND2X1        1   1.7    40    22   18586    (-,-) 
  g128093/Q                     -       IN2->Q  R     OA21X1         1   5.4    46    78   18665    (-,-) 
  DP_alu_div_15_25_g115704/QN   -       IN1->QN F     NAND2X2        1   2.8    30    19   18684    (-,-) 
  DP_alu_div_15_25_g115665/QN   -       IN2->QN R     NAND2X1        1   5.4    48    31   18714    (-,-) 
  DP_alu_div_15_25_g115649/QN   -       IN1->QN F     NAND2X2        1   5.3    34    22   18737    (-,-) 
  DP_alu_div_15_25_g115614/QN   -       IN2->QN R     NAND2X2        1   5.4    35    24   18761    (-,-) 
  DP_alu_div_15_25_g115612/QN   -       IN1->QN F     NAND2X2        1   5.3    32    21   18782    (-,-) 
  DP_alu_div_15_25_g115603/QN   -       IN2->QN R     NAND2X2        1   5.4    35    24   18806    (-,-) 
  DP_alu_div_15_25_g115602/QN   -       IN1->QN F     NAND2X2        1   5.3    29    21   18826    (-,-) 
  DP_alu_div_15_25_g115597/QN   -       IN2->QN R     NAND2X2        1   5.4    33    23   18849    (-,-) 
  g5101/QN                      -       IN1->QN F     NAND2X2        1  10.5    74    27   18876    (-,-) 
  g5004/QN                      -       IN1->QN R     NAND2X4        3  10.6    39    24   18900    (-,-) 
  g128129/Q                     -       IN1->Q  F     XOR2X1         1   2.8    37    67   18967    (-,-) 
  g128128/Q                     -       IN1->Q  F     OR3X1          2  12.4    53    76   19042    (-,-) 
  g19419/QN                     -       IN1->QN R     NAND2X4        2  16.1    47    26   19068    (-,-) 
  g19407/QN                     -       IN2->QN F     NAND2X2        9  20.0    65    40   19108    (-,-) 
  g19390/QN                     -       IN1->QN R     NOR2X0         2   4.2    72    41   19149    (-,-) 
  addinc_ADD_UNS_OP_2_g5620/Q   -       IN1->Q  R     AND2X1         3   7.4    46    70   19220    (-,-) 
  addinc_ADD_UNS_OP_2_g5449/QN  -       IN1->QN F     NAND2X1        2   4.4    44    31   19251    (-,-) 
  g128568/QN                    -       IN3->QN R     NAND3X0        1   2.8    58    40   19290    (-,-) 
  addinc_ADD_UNS_OP_2_g5400/QN  -       IN1->QN F     NAND2X1        1   2.8    41    29   19319    (-,-) 
  addinc_ADD_UNS_OP_2_g5377/QN  -       IN1->QN R     NAND2X1        2   5.1    54    29   19348    (-,-) 
  addinc_ADD_UNS_OP_2_g5370/ZN  -       INP->ZN F     INVX0          3   7.2    55    41   19389    (-,-) 
  addinc_ADD_UNS_OP_2_g5329/QN  -       IN2->QN R     NOR2X0         1   2.5    58    34   19423    (-,-) 
  addinc_ADD_UNS_OP_2_g5320/QN  -       IN1->QN F     NOR2X0         1   2.5    48    34   19457    (-,-) 
  addinc_ADD_UNS_OP_2_g5291/QN  -       IN2->QN R     NAND3X0        4  10.9   101    59   19516    (-,-) 
  addinc_ADD_UNS_OP_2_g5256/QN  -       IN1->QN F     NAND2X1        1   2.8    51    34   19550    (-,-) 
  addinc_ADD_UNS_OP_2_g5245/QN  -       IN1->QN R     NAND2X1        1   3.9    55    28   19578    (-,-) 
  addinc_ADD_UNS_OP_2_g5226/Q   -       IN1->Q  R     XOR2X1         1   1.9    34    64   19642    (-,-) 
  g39551/Q                      -       IN3->Q  R     AO22X1         1   1.7    46    60   19703    (-,-) 
  g39727/Q                      -       IN1->Q  R     AND2X1         1   1.7    28    54   19757    (-,-) 
  DP_pcreg_q_reg[28]/D          <<<     -       R     DFFX1          1     -     -     0   19757    (-,-) 
#---------------------------------------------------------------------------------------------------------

